<testsuite name="Django Project Tests" errors="0" failures="0" skips="0" tests="7" time="3.627"><testcase time="0.009471" classname="trainer.tests.MyTestCase" name="test_get_all_sport_facility" /><testcase time="0.007483" classname="trainer.tests.MyTestCase" name="test_get_filtered_sport_facility_" /><testcase time="1.983809" classname="trainer.tests.MyTestCase" name="test_get_filtered_sport_facility_by_ligth" /><testcase time="0.469192" classname="trainer.tests.MyTestCase" name="test_get_user_ID" /><testcase time="0.463016" classname="trainer.tests.MyTestCase" name="test_get_user_by_userName" /><testcase time="0.242811" classname="trainer.tests.MyTestCase" name="test_insert_to_DB" /><testcase time="0.448290" classname="trainer.tests.MyTestCase" name="test_update_user_by_ID" /></testsuite>